--------------------------------------------------------------------------------
Release 8.2i Trace 
Copyright (c) 1995-2006 Xilinx, Inc.  All rights reserved.

C:\Xilinx\bin\nt\trce.exe -ise
C:/Users/Familia/Dropbox/Escuela Ram/Ingenieria/6to semestre/Diseno Digital Moderno/Laboratorio/Practica9_Cyberse/Practica9_Cyberse.ise
-intstyle ise -e 3 -l 3 -s 5 -xml Divisor Divisor.ncd -o Divisor.twr
Divisor.pcf -ucf Divisor.ucf

Design file:              divisor.ncd
Physical constraint file: divisor.pcf
Device,speed:             xc3s200,-5 (PRODUCTION 1.38 2006-05-03)
Report level:             error report

Environment Variable      Effect 
--------------------      ------ 
NONE                      No environment variables were set
--------------------------------------------------------------------------------

INFO:Timing:2698 - No timing constraints found, doing default enumeration.
INFO:Timing:2752 - To get complete path coverage, use the unconstrained paths 
   option. All paths that are not constrained will be reported in the 
   unconstrained paths section(s) of the report.



Data Sheet report:
-----------------
All values displayed in nanoseconds (ns)

Clock Reloj to Pad
------------+------------+------------------+--------+
            | clk (edge) |                  | Clock  |
Destination |   to PAD   |Internal Clock(s) | Phase  |
------------+------------+------------------+--------+
Divisor     |    9.944(R)|Reloj_BUFGP       |   0.000|
------------+------------+------------------+--------+

Clock to Setup on destination clock Reloj
---------------+---------+---------+---------+---------+
               | Src:Rise| Src:Fall| Src:Rise| Src:Fall|
Source Clock   |Dest:Rise|Dest:Rise|Dest:Fall|Dest:Fall|
---------------+---------+---------+---------+---------+
Reloj          |    5.396|         |         |         |
---------------+---------+---------+---------+---------+


Analysis completed Mon Apr 30 16:04:29 2018
--------------------------------------------------------------------------------

Trace Settings:
-------------------------
Trace Settings 

Peak Memory Usage: 207 MB



