Release 8.2i - xst I.31
Copyright (c) 1995-2006 Xilinx, Inc.  All rights reserved.
--> Parameter TMPDIR set to ./xst/projnav.tmp
CPU : 0.00 / 0.17 s | Elapsed : 0.00 / 0.00 s
 
--> Parameter xsthdpdir set to ./xst
CPU : 0.00 / 0.17 s | Elapsed : 0.00 / 0.00 s
 
--> Reading design: Divisor.prj

TABLE OF CONTENTS
  1) Synthesis Options Summary
  2) HDL Compilation
  3) Design Hierarchy Analysis
  4) HDL Analysis
  5) HDL Synthesis
     5.1) HDL Synthesis Report
  6) Advanced HDL Synthesis
     6.1) Advanced HDL Synthesis Report
  7) Low Level Synthesis
  8) Partition Report
  9) Final Report
     9.1) Device utilization summary
     9.2) TIMING REPORT


=========================================================================
*                      Synthesis Options Summary                        *
=========================================================================
---- Source Parameters
Input File Name                    : "Divisor.prj"
Input Format                       : mixed
Ignore Synthesis Constraint File   : NO

---- Target Parameters
Output File Name                   : "Divisor"
Output Format                      : NGC
Target Device                      : xc3s200-5-ft256

---- Source Options
Top Module Name                    : Divisor
Automatic FSM Extraction           : YES
FSM Encoding Algorithm             : Auto
FSM Style                          : lut
RAM Extraction                     : Yes
RAM Style                          : Auto
ROM Extraction                     : Yes
Mux Style                          : Auto
Decoder Extraction                 : YES
Priority Encoder Extraction        : YES
Shift Register Extraction          : YES
Logical Shifter Extraction         : YES
XOR Collapsing                     : YES
ROM Style                          : Auto
Mux Extraction                     : YES
Resource Sharing                   : YES
Multiplier Style                   : auto
Automatic Register Balancing       : No

---- Target Options
Add IO Buffers                     : YES
Global Maximum Fanout              : 500
Add Generic Clock Buffer(BUFG)     : 8
Register Duplication               : YES
Slice Packing                      : YES
Pack IO Registers into IOBs        : auto
Equivalent register Removal        : YES

---- General Options
Optimization Goal                  : Speed
Optimization Effort                : 1
Keep Hierarchy                     : NO
RTL Output                         : Yes
Global Optimization                : AllClockNets
Write Timing Constraints           : NO
Hierarchy Separator                : /
Bus Delimiter                      : <>
Case Specifier                     : maintain
Slice Utilization Ratio            : 100
Slice Utilization Ratio Delta      : 5

---- Other Options
lso                                : Divisor.lso
Read Cores                         : YES
cross_clock_analysis               : NO
verilog2001                        : YES
safe_implementation                : No
Optimize Instantiated Primitives   : NO
use_clock_enable                   : Yes
use_sync_set                       : Yes
use_sync_reset                     : Yes

=========================================================================


=========================================================================
*                          HDL Compilation                              *
=========================================================================
Compiling vhdl file "C:/Users/Familia/Dropbox/Escuela Ram/Ingenieria/6to semestre/Diseno Digital Moderno/Laboratorio/Practica9_Cyberse/Divisor.vhd" in Library work.
Architecture behavioral of Entity divisor is up to date.

=========================================================================
*                     Design Hierarchy Analysis                         *
=========================================================================
Analyzing hierarchy for entity <Divisor> in library <work> (architecture <behavioral>).

Building hierarchy successfully finished.

=========================================================================
*                            HDL Analysis                               *
=========================================================================
Analyzing Entity <Divisor> in library <work> (Architecture <behavioral>).
Entity <Divisor> analyzed. Unit <Divisor> generated.


=========================================================================
*                           HDL Synthesis                               *
=========================================================================

Performing bidirectional port resolution...

Synthesizing Unit <Divisor>.
    Related source file is "C:/Users/Familia/Dropbox/Escuela Ram/Ingenieria/6to semestre/Diseno Digital Moderno/Laboratorio/Practica9_Cyberse/Divisor.vhd".
    Found 28-bit up counter for signal <cuenta>.
    Summary:
	inferred   1 Counter(s).
Unit <Divisor> synthesized.


=========================================================================
HDL Synthesis Report

Macro Statistics
# Counters                                             : 1
 28-bit up counter                                     : 1

=========================================================================

=========================================================================
*                       Advanced HDL Synthesis                          *
=========================================================================

Loading device for application Rf_Device from file '3s200.nph' in environment C:\Xilinx.

=========================================================================
Advanced HDL Synthesis Report

Macro Statistics
# Counters                                             : 1
 28-bit up counter                                     : 1

=========================================================================

=========================================================================
*                         Low Level Synthesis                           *
=========================================================================

Optimizing unit <Divisor> ...

Mapping all equations...
Building and optimizing final netlist ...
Found area constraint ratio of 100 (+ 5) on block Divisor, actual ratio is 0.

Final Macro Processing ...

=========================================================================
Final Register Report

Macro Statistics
# Registers                                            : 28
 Flip-Flops                                            : 28

=========================================================================

=========================================================================
*                          Partition Report                             *
=========================================================================

Partition Implementation Status
-------------------------------

  No Partitions were found in this design.

-------------------------------

=========================================================================
*                            Final Report                               *
=========================================================================
Final Results
RTL Top Level Output File Name     : Divisor.ngr
Top Level Output File Name         : Divisor
Output Format                      : NGC
Optimization Goal                  : Speed
Keep Hierarchy                     : NO

Design Statistics
# IOs                              : 2

Cell Usage :
# BELS                             : 93
#      GND                         : 1
#      INV                         : 1
#      LUT1                        : 27
#      LUT4                        : 8
#      LUT4_L                      : 1
#      MUXCY                       : 27
#      VCC                         : 1
#      XORCY                       : 27
# FlipFlops/Latches                : 28
#      FDR                         : 28
# Clock Buffers                    : 1
#      BUFGP                       : 1
# IO Buffers                       : 1
#      OBUF                        : 1
=========================================================================

Device utilization summary:
---------------------------

Selected Device : 3s200ft256-5 

 Number of Slices:                      19  out of   1920     0%  
 Number of Slice Flip Flops:            28  out of   3840     0%  
 Number of 4 input LUTs:                37  out of   3840     0%  
 Number of IOs:                          2
 Number of bonded IOBs:                  2  out of    173     1%  
 Number of GCLKs:                        1  out of      8    12%  


=========================================================================
TIMING REPORT

NOTE: THESE TIMING NUMBERS ARE ONLY A SYNTHESIS ESTIMATE.
      FOR ACCURATE TIMING INFORMATION PLEASE REFER TO THE TRACE REPORT
      GENERATED AFTER PLACE-and-ROUTE.

Clock Information:
------------------
-----------------------------------+------------------------+-------+
Clock Signal                       | Clock buffer(FF name)  | Load  |
-----------------------------------+------------------------+-------+
Reloj                              | BUFGP                  | 28    |
-----------------------------------+------------------------+-------+

Asynchronous Control Signals Information:
----------------------------------------
No asynchronous control signals found in this design

Timing Summary:
---------------
Speed Grade: -5

   Minimum period: 6.650ns (Maximum Frequency: 150.377MHz)
   Minimum input arrival time before clock: No path found
   Maximum output required time after clock: 6.306ns
   Maximum combinational path delay: No path found

Timing Detail:
--------------
All values displayed in nanoseconds (ns)

=========================================================================
Timing constraint: Default period analysis for Clock 'Reloj'
  Clock period: 6.650ns (frequency: 150.377MHz)
  Total number of paths / destination ports: 1190 / 56
-------------------------------------------------------------------------
Delay:               6.650ns (Levels of Logic = 3)
  Source:            cuenta_19 (FF)
  Destination:       cuenta_0 (FF)
  Source Clock:      Reloj rising
  Destination Clock: Reloj rising

  Data Path: cuenta_19 to cuenta_0
                                Gate     Net
    Cell:in->out      fanout   Delay   Delay  Logical Name (Net Name)
    ----------------------------------------  ------------
     FDR:C->Q              2   0.626   1.040  cuenta_19 (cuenta_19)
     LUT4:I0->O            1   0.479   0.976  _cmp_eq000091 (N7)
     LUT4_L:I0->LO         1   0.479   0.123  _cmp_eq0000544 (N31)
     LUT4:I3->O           28   0.479   1.556  _cmp_eq0000169 (_cmp_eq0000)
     FDR:R                     0.892          cuenta_0
    ----------------------------------------
    Total                      6.650ns (2.955ns logic, 3.695ns route)
                                       (44.4% logic, 55.6% route)

=========================================================================
Timing constraint: Default OFFSET OUT AFTER for Clock 'Reloj'
  Total number of paths / destination ports: 1 / 1
-------------------------------------------------------------------------
Offset:              6.306ns (Levels of Logic = 1)
  Source:            cuenta_26 (FF)
  Destination:       Divisor (PAD)
  Source Clock:      Reloj rising

  Data Path: cuenta_26 to Divisor
                                Gate     Net
    Cell:in->out      fanout   Delay   Delay  Logical Name (Net Name)
    ----------------------------------------  ------------
     FDR:C->Q              3   0.626   0.771  cuenta_26 (cuenta_26)
     OBUF:I->O                 4.909          Divisor_OBUF (Divisor)
    ----------------------------------------
    Total                      6.306ns (5.535ns logic, 0.771ns route)
                                       (87.8% logic, 12.2% route)

=========================================================================
CPU : 8.88 / 9.20 s | Elapsed : 9.00 / 9.00 s
 
--> 

Total memory usage is 266048 kilobytes

Number of errors   :    0 (   0 filtered)
Number of warnings :    0 (   0 filtered)
Number of infos    :    0 (   0 filtered)

