 command line:
   ./Prac7_isim_beh.exe
     -intstyle  ise
     -ipchost  localhost
     -ipcport  50361

Sun Apr 22 11:54:32 2018

Total Line Count = 760

 Elaboration time 0.015625 sec.

 Estimate current memory usage 110.158 Meg. 

 Total signals 4
 Total nets 11
 Total signal drivers 2
 Total blocks 7
 Total primitive blocks 1
 Total processes 2
ntrace select -o on -m / -l this 
ntrace start 
run all 
Simulator is doing circuit initialization process.
Finished circuit initialization process.
