 command line:
   ./Prac11cont_isim_beh.exe
     -intstyle  ise
     -ipchost  localhost
     -ipcport  49725

Mon May 21 16:44:14 2018

Total Line Count = 736

 Elaboration time 0.015625 sec.

 Estimate current memory usage 110.162 Meg. 

 Total signals 4
 Total nets 7
 Total signal drivers 2
 Total blocks 7
 Total primitive blocks 1
 Total processes 3
ntrace select -o on -m / -l this 
ntrace start 
run all 
Simulator is doing circuit initialization process.
Finished circuit initialization process.
